<?xml version="1.0" encoding="UTF-8"?>
<testsuite xmlns:xsi="http://www.w3.org/2001/XMLSchema-instance" xsi:noNamespaceSchemaLocation="https://maven.apache.org/surefire/maven-surefire-plugin/xsd/surefire-test-report.xsd" name="com.knoldus.RangeMultiplicationTest" time="0.159" tests="3" errors="0" skipped="0" failures="0">
  <properties>
[...]
</properties>
  <testcase name="multiplyInRageForEqualValues" classname="com.knoldus.RangeMultiplicationTest" time="0.103"/>
  <testcase name="multiplyInRageForUnequalValues" classname="com.knoldus.RangeMultiplicationTest" time="0"/>
  <testcase name="multiplyInRangeTest" classname="com.knoldus.RangeMultiplicationTest" time="0.008"/>
</testsuite>